<?xml version="1.0" encoding="UTF-8"?>
<!-- Generated by org.testng.reporters.JUnitReportReporter -->
<testsuite skipped="0" hostname="BDC11-L-J2V9VP2" name="com.bial.NewTest" tests="1" failures="0" timestamp="2020-05-27T15:20:16 IST" time="8.091" errors="0">
  <testcase name="test" time="8.091" classname="com.bial.NewTest"/>
  <system-out/>
</testsuite> <!-- com.bial.NewTest -->
