<?xml version="1.0" encoding="UTF-8"?>
<!-- Generated by org.testng.reporters.JUnitReportReporter -->
<testsuite skipped="8" hostname="BDC11-L-J2V9VP2" name="com.bial.FirstScript" tests="9" failures="0" timestamp="2020-05-27T11:20:28 IST" time="3.621" errors="0">
  <testcase name="verifyMultiItemCarousel" time="3.621" classname="com.bial.FirstScript"/>
  <system-out/>
  <testcase name="verifyLogo" classname="com.bial.FirstScript">
    <skipped/>
  </testcase> <!-- verifyLogo -->
  <system-out/>
  <testcase name="verifyHeroBannerText" classname="com.bial.FirstScript">
    <skipped/>
  </testcase> <!-- verifyHeroBannerText -->
  <system-out/>
  <testcase name="verifyCampaignCarousel" classname="com.bial.FirstScript">
    <skipped/>
  </testcase> <!-- verifyCampaignCarousel -->
  <system-out/>
  <testcase name="verifyTitle" classname="com.bial.FirstScript">
    <skipped/>
  </testcase> <!-- verifyTitle -->
  <system-out/>
  <testcase name="verifyFooter" classname="com.bial.FirstScript">
    <skipped/>
  </testcase> <!-- verifyFooter -->
  <system-out/>
  <testcase name="verifyAnnouncement" classname="com.bial.FirstScript">
    <skipped/>
  </testcase> <!-- verifyAnnouncement -->
  <system-out/>
  <testcase name="verifyWeatherDetails" classname="com.bial.FirstScript">
    <skipped/>
  </testcase> <!-- verifyWeatherDetails -->
  <system-out/>
  <testcase name="verifyFirstLevelMegaMenu" classname="com.bial.FirstScript">
    <skipped/>
  </testcase> <!-- verifyFirstLevelMegaMenu -->
  <system-out/>
</testsuite> <!-- com.bial.FirstScript -->
